<?xml version="1.0" encoding="UTF-8"?>
<testsuite xmlns:xsi="http://www.w3.org/2001/XMLSchema-instance" xsi:noNamespaceSchemaLocation="https://maven.apache.org/surefire/maven-surefire-plugin/xsd/surefire-test-report-3.0.xsd" version="3.0" name="com.example.Resultados.ResultadosApplicationTests" time="2.307" tests="1" errors="0" skipped="0" failures="0">
  <properties>
[...]
</properties>
  <testcase name="contextLoads" classname="com.example.Resultados.ResultadosApplicationTests" time="0.702">
    <system-out><![CDATA[01:54:10.728 [main] INFO org.springframework.test.context.support.AnnotationConfigContextLoaderUtils -- Could not detect default configuration classes for test class [com.example.Resultados.ResultadosApplicationTests]: ResultadosApplicationTests does not declare any static, non-private, non-final, nested classes annotated with @Configuration.
01:54:10.820 [main] INFO org.springframework.boot.test.context.SpringBootTestContextBootstrapper -- Found @SpringBootConfiguration com.example.Resultados.ResultadosApplication for test class com.example.Resultados.ResultadosApplicationTests
01:54:10.970 [main] INFO org.springframework.boot.devtools.restart.RestartApplicationListener -- Restart disabled due to context in which it is running

  .   ____          _            __ _ _
 /\\ / ___'_ __ _ _(_)_ __  __ _ \ \ \ \
( ( )\___ | '_ | '_| | '_ \/ _` | \ \ \ \
 \\/  ___)| |_)| | | | | || (_| |  ) ) ) )
  '  |____| .__|_| |_|_| |_\__, | / / / /
 =========|_|==============|___/=/_/_/_/
 :: Spring Boot ::               (v3.1.11)

2024-05-02T01:54:11.187-03:00  INFO 16208 --- [           main] c.e.R.ResultadosApplicationTests         : Starting ResultadosApplicationTests using Java 17.0.11 with PID 16208 (started by Cuchi in C:\Users\Cuchi\Desktop\sistemas distribuidos\proyectospring\Resultados)
2024-05-02T01:54:11.189-03:00  INFO 16208 --- [           main] c.e.R.ResultadosApplicationTests         : No active profile set, falling back to 1 default profile: "default"
2024-05-02T01:54:12.179-03:00  INFO 16208 --- [           main] c.e.R.ResultadosApplicationTests         : Started ResultadosApplicationTests in 1.217 seconds (process running for 1.991)
]]></system-out>
  </testcase>
</testsuite>